<?xml version="1.0" encoding="UTF-8"?>
<testng-results ignored="0" total="1" passed="1" failed="0" skipped="0">
  <reporter-output>
  </reporter-output>
  <suite started-at="2025-03-18T23:13:54 IST" name="Default suite" finished-at="2025-03-18T23:14:10 IST" duration-ms="16474">
    <groups>
      <group name="cucumber">
        <method signature="AbstractTestNGCucumberTests.runScenario(io.cucumber.testng.PickleWrapper,io.cucumber.testng.FeatureWrapper)[pri:0, instance:cucumberOptions.TestNGSearchRunner@11fc564b]" name="runScenario" class="io.cucumber.testng.AbstractTestNGCucumberTests"/>
      </group> <!-- cucumber -->
    </groups>
    <test started-at="2025-03-18T23:13:54 IST" name="Default test" finished-at="2025-03-18T23:14:10 IST" duration-ms="16474">
      <class name="cucumberOptions.TestNGSearchRunner">
        <test-method is-config="true" signature="setUpClass(org.testng.ITestContext)[pri:0, instance:cucumberOptions.TestNGSearchRunner@11fc564b]" started-at="2025-03-18T23:13:54 IST" name="setUpClass" finished-at="2025-03-18T23:13:54 IST" duration-ms="298" status="PASS">
          <params>
            <param index="0">
              <value>
                <![CDATA[org.testng.TestRunner@186cb891]]>
              </value>
            </param>
          </params>
          <reporter-output>
          </reporter-output>
        </test-method> <!-- setUpClass -->
        <test-method signature="runScenario(io.cucumber.testng.PickleWrapper,io.cucumber.testng.FeatureWrapper)[pri:0, instance:cucumberOptions.TestNGSearchRunner@11fc564b]" started-at="2025-03-18T23:13:54 IST" name="runScenario" description="Runs Cucumber Scenarios" data-provider="scenarios" finished-at="2025-03-18T23:14:10 IST" duration-ms="16075" status="PASS">
          <params>
            <param index="0">
              <value>
                <![CDATA["search experiance for the product search in both home and offer Page"]]>
              </value>
            </param>
            <param index="1">
              <value>
                <![CDATA["search and place the order for Products"]]>
              </value>
            </param>
          </params>
          <reporter-output>
          </reporter-output>
        </test-method> <!-- runScenario -->
        <test-method is-config="true" signature="tearDownClass()[pri:0, instance:cucumberOptions.TestNGSearchRunner@11fc564b]" started-at="2025-03-18T23:14:10 IST" name="tearDownClass" finished-at="2025-03-18T23:14:10 IST" duration-ms="2" status="PASS">
          <reporter-output>
          </reporter-output>
        </test-method> <!-- tearDownClass -->
      </class> <!-- cucumberOptions.TestNGSearchRunner -->
    </test> <!-- Default test -->
  </suite> <!-- Default suite -->
</testng-results>
